<?xml version="1.0" encoding="UTF-8"?>
<!-- Generated by org.testng.reporters.JUnitReportReporter -->
<testsuite name="com.assignment.testcases.Testcases" tests="1" time="80.598" ignored="1" failures="0" timestamp="16 Jan 2020 01:09:26 GMT" skipped="0" hostname="BOND" errors="0">
  <testcase name="Assignment2" time="80.598" classname="com.assignment.testcases.Testcases"/>
  <testcase name="Assignment1" classname="com.assignment.testcases.Testcases">
    <skipped/>
  </testcase> <!-- Assignment1 -->
</testsuite> <!-- com.assignment.testcases.Testcases -->
